{"/Users/troy/Desktop/dojo/colorly/src/components/App.js": {"path":"/Users/troy/Desktop/dojo/colorly/src/components/App.js","statementMap":{"0":{"start":{"line":11,"column":4},"end":{"line":11,"column":17}},"1":{"start":{"line":12,"column":4},"end":{"line":17,"column":6}},"2":{"start":{"line":19,"column":4},"end":{"line":19,"column":69}},"3":{"start":{"line":20,"column":4},"end":{"line":20,"column":61}},"4":{"start":{"line":21,"column":4},"end":{"line":21,"column":71}},"5":{"start":{"line":22,"column":4},"end":{"line":22,"column":49}},"6":{"start":{"line":23,"column":4},"end":{"line":23,"column":65}},"7":{"start":{"line":24,"column":4},"end":{"line":24,"column":59}},"8":{"start":{"line":29,"column":4},"end":{"line":31,"column":5}},"9":{"start":{"line":30,"column":6},"end":{"line":30,"column":43}},"10":{"start":{"line":35,"column":4},"end":{"line":43,"column":7}},"11":{"start":{"line":36,"column":6},"end":{"line":36,"column":37}},"12":{"start":{"line":39,"column":6},"end":{"line":42,"column":7}},"13":{"start":{"line":40,"column":8},"end":{"line":40,"column":26}},"14":{"start":{"line":41,"column":8},"end":{"line":41,"column":52}},"15":{"start":{"line":47,"column":28},"end":{"line":47,"column":38}},"16":{"start":{"line":49,"column":4},"end":{"line":56,"column":7}},"17":{"start":{"line":54,"column":8},"end":{"line":54,"column":42}},"18":{"start":{"line":60,"column":4},"end":{"line":64,"column":7}},"19":{"start":{"line":61,"column":6},"end":{"line":63,"column":9}},"20":{"start":{"line":68,"column":24},"end":{"line":68,"column":34}},"21":{"start":{"line":69,"column":4},"end":{"line":71,"column":7}},"22":{"start":{"line":75,"column":37},"end":{"line":75,"column":47}},"23":{"start":{"line":76,"column":23},"end":{"line":76,"column":72}},"24":{"start":{"line":77,"column":4},"end":{"line":77,"column":24}},"25":{"start":{"line":79,"column":4},"end":{"line":81,"column":7}},"26":{"start":{"line":80,"column":36},"end":{"line":80,"column":46}},"27":{"start":{"line":85,"column":4},"end":{"line":92,"column":8}},"28":{"start":{"line":89,"column":8},"end":{"line":91,"column":10}},"29":{"start":{"line":94,"column":4},"end":{"line":94,"column":30}},"30":{"start":{"line":98,"column":4},"end":{"line":98,"column":40}},"31":{"start":{"line":102,"column":57},"end":{"line":102,"column":67}},"32":{"start":{"line":104,"column":4},"end":{"line":145,"column":6}},"33":{"start":{"line":111,"column":14},"end":{"line":124,"column":15}},"34":{"start":{"line":129,"column":14},"end":{"line":138,"column":15}},"35":{"start":{"line":141,"column":37},"end":{"line":141,"column":67}}},"fnMap":{"0":{"name":"(anonymous_0)","decl":{"start":{"line":10,"column":2},"end":{"line":10,"column":3}},"loc":{"start":{"line":10,"column":21},"end":{"line":25,"column":3}},"line":10},"1":{"name":"(anonymous_1)","decl":{"start":{"line":28,"column":2},"end":{"line":28,"column":3}},"loc":{"start":{"line":28,"column":23},"end":{"line":32,"column":3}},"line":28},"2":{"name":"(anonymous_2)","decl":{"start":{"line":34,"column":2},"end":{"line":34,"column":3}},"loc":{"start":{"line":34,"column":22},"end":{"line":44,"column":3}},"line":34},"3":{"name":"(anonymous_3)","decl":{"start":{"line":35,"column":28},"end":{"line":35,"column":29}},"loc":{"start":{"line":35,"column":43},"end":{"line":43,"column":5}},"line":35},"4":{"name":"(anonymous_4)","decl":{"start":{"line":46,"column":2},"end":{"line":46,"column":3}},"loc":{"start":{"line":46,"column":15},"end":{"line":57,"column":3}},"line":46},"5":{"name":"(anonymous_5)","decl":{"start":{"line":59,"column":2},"end":{"line":59,"column":3}},"loc":{"start":{"line":59,"column":23},"end":{"line":65,"column":3}},"line":59},"6":{"name":"(anonymous_6)","decl":{"start":{"line":60,"column":40},"end":{"line":60,"column":41}},"loc":{"start":{"line":60,"column":50},"end":{"line":64,"column":5}},"line":60},"7":{"name":"(anonymous_7)","decl":{"start":{"line":67,"column":2},"end":{"line":67,"column":3}},"loc":{"start":{"line":67,"column":24},"end":{"line":72,"column":3}},"line":67},"8":{"name":"(anonymous_8)","decl":{"start":{"line":74,"column":2},"end":{"line":74,"column":3}},"loc":{"start":{"line":74,"column":29},"end":{"line":82,"column":3}},"line":74},"9":{"name":"(anonymous_9)","decl":{"start":{"line":80,"column":30},"end":{"line":80,"column":31}},"loc":{"start":{"line":80,"column":36},"end":{"line":80,"column":46}},"line":80},"10":{"name":"(anonymous_10)","decl":{"start":{"line":84,"column":2},"end":{"line":84,"column":3}},"loc":{"start":{"line":84,"column":20},"end":{"line":95,"column":3}},"line":84},"11":{"name":"(anonymous_11)","decl":{"start":{"line":88,"column":12},"end":{"line":88,"column":13}},"loc":{"start":{"line":89,"column":8},"end":{"line":91,"column":10}},"line":89},"12":{"name":"(anonymous_12)","decl":{"start":{"line":97,"column":2},"end":{"line":97,"column":3}},"loc":{"start":{"line":97,"column":23},"end":{"line":99,"column":3}},"line":97},"13":{"name":"(anonymous_13)","decl":{"start":{"line":101,"column":2},"end":{"line":101,"column":3}},"loc":{"start":{"line":101,"column":11},"end":{"line":146,"column":3}},"line":101},"14":{"name":"(anonymous_14)","decl":{"start":{"line":110,"column":20},"end":{"line":110,"column":21}},"loc":{"start":{"line":111,"column":14},"end":{"line":124,"column":15}},"line":111},"15":{"name":"(anonymous_15)","decl":{"start":{"line":128,"column":20},"end":{"line":128,"column":21}},"loc":{"start":{"line":129,"column":14},"end":{"line":138,"column":15}},"line":129},"16":{"name":"(anonymous_16)","decl":{"start":{"line":141,"column":20},"end":{"line":141,"column":21}},"loc":{"start":{"line":141,"column":37},"end":{"line":141,"column":67}},"line":141}},"branchMap":{"0":{"loc":{"start":{"line":29,"column":4},"end":{"line":31,"column":5}},"type":"if","locations":[{"start":{"line":29,"column":4},"end":{"line":31,"column":5}},{"start":{"line":29,"column":4},"end":{"line":31,"column":5}}],"line":29},"1":{"loc":{"start":{"line":39,"column":6},"end":{"line":42,"column":7}},"type":"if","locations":[{"start":{"line":39,"column":6},"end":{"line":42,"column":7}},{"start":{"line":39,"column":6},"end":{"line":42,"column":7}}],"line":39},"2":{"loc":{"start":{"line":111,"column":14},"end":{"line":124,"column":15}},"type":"cond-expr","locations":[{"start":{"line":112,"column":16},"end":{"line":112,"column":53}},{"start":{"line":114,"column":16},"end":{"line":123,"column":18}}],"line":111},"3":{"loc":{"start":{"line":129,"column":14},"end":{"line":138,"column":15}},"type":"cond-expr","locations":[{"start":{"line":130,"column":16},"end":{"line":130,"column":53}},{"start":{"line":132,"column":16},"end":{"line":137,"column":18}}],"line":129}},"s":{"0":1,"1":1,"2":1,"3":1,"4":1,"5":1,"6":1,"7":1,"8":1,"9":0,"10":1,"11":1,"12":1,"13":0,"14":0,"15":0,"16":0,"17":0,"18":0,"19":0,"20":0,"21":0,"22":0,"23":0,"24":0,"25":0,"26":0,"27":0,"28":0,"29":0,"30":0,"31":2,"32":2,"33":0,"34":0,"35":0},"f":{"0":1,"1":1,"2":1,"3":1,"4":0,"5":0,"6":0,"7":0,"8":0,"9":0,"10":0,"11":0,"12":0,"13":2,"14":0,"15":0,"16":0},"b":{"0":[0,1],"1":[0,1],"2":[0,0],"3":[0,0]},"_coverageSchema":"332fd63041d2c1bcb487cc26dd0d5f7d97098a6c","hash":"eecec9537861e94f402ef3bd4aa79ea13aae8f39"}
,"/Users/troy/Desktop/dojo/colorly/src/components/BackButton.js": {"path":"/Users/troy/Desktop/dojo/colorly/src/components/BackButton.js","statementMap":{"0":{"start":{"line":6,"column":2},"end":{"line":11,"column":4}},"1":{"start":{"line":14,"column":0},"end":{"line":16,"column":2}},"2":{"start":{"line":18,"column":0},"end":{"line":20,"column":2}}},"fnMap":{"0":{"name":"BackButton","decl":{"start":{"line":5,"column":24},"end":{"line":5,"column":34}},"loc":{"start":{"line":5,"column":48},"end":{"line":12,"column":1}},"line":5}},"branchMap":{},"s":{"0":0,"1":1,"2":1},"f":{"0":0},"b":{},"_coverageSchema":"332fd63041d2c1bcb487cc26dd0d5f7d97098a6c","hash":"e5d7929f084fe4e3ea79401dd3181b7cc9eb5dcb"}
,"/Users/troy/Desktop/dojo/colorly/src/components/Canvas.js": {"path":"/Users/troy/Desktop/dojo/colorly/src/components/Canvas.js","statementMap":{"0":{"start":{"line":6,"column":4},"end":{"line":6,"column":17}},"1":{"start":{"line":7,"column":4},"end":{"line":14,"column":6}},"2":{"start":{"line":16,"column":4},"end":{"line":16,"column":53}},"3":{"start":{"line":17,"column":4},"end":{"line":17,"column":73}},"4":{"start":{"line":18,"column":4},"end":{"line":18,"column":63}},"5":{"start":{"line":19,"column":4},"end":{"line":19,"column":61}},"6":{"start":{"line":20,"column":4},"end":{"line":20,"column":63}},"7":{"start":{"line":24,"column":4},"end":{"line":24,"column":44}},"8":{"start":{"line":25,"column":4},"end":{"line":25,"column":29}},"9":{"start":{"line":26,"column":4},"end":{"line":26,"column":62}},"10":{"start":{"line":27,"column":4},"end":{"line":27,"column":27}},"11":{"start":{"line":31,"column":4},"end":{"line":31,"column":65}},"12":{"start":{"line":35,"column":4},"end":{"line":35,"column":22}},"13":{"start":{"line":39,"column":34},"end":{"line":39,"column":44}},"14":{"start":{"line":41,"column":17},"end":{"line":41,"column":52}},"15":{"start":{"line":42,"column":20},"end":{"line":42,"column":53}},"16":{"start":{"line":43,"column":20},"end":{"line":43,"column":52}},"17":{"start":{"line":45,"column":22},"end":{"line":45,"column":67}},"18":{"start":{"line":46,"column":21},"end":{"line":46,"column":30}},"19":{"start":{"line":47,"column":23},"end":{"line":47,"column":64}},"20":{"start":{"line":49,"column":4},"end":{"line":55,"column":5}},"21":{"start":{"line":50,"column":6},"end":{"line":54,"column":9}},"22":{"start":{"line":59,"column":4},"end":{"line":61,"column":7}},"23":{"start":{"line":65,"column":29},"end":{"line":65,"column":39}},"24":{"start":{"line":66,"column":4},"end":{"line":66,"column":41}},"25":{"start":{"line":70,"column":4},"end":{"line":73,"column":7}},"26":{"start":{"line":76,"column":4},"end":{"line":78,"column":5}},"27":{"start":{"line":77,"column":6},"end":{"line":77,"column":29}},"28":{"start":{"line":82,"column":26},"end":{"line":82,"column":29}},"29":{"start":{"line":83,"column":25},"end":{"line":83,"column":27}},"30":{"start":{"line":84,"column":27},"end":{"line":84,"column":61}},"31":{"start":{"line":85,"column":28},"end":{"line":85,"column":64}},"32":{"start":{"line":87,"column":21},"end":{"line":87,"column":32}},"33":{"start":{"line":88,"column":22},"end":{"line":88,"column":34}},"34":{"start":{"line":93,"column":4},"end":{"line":100,"column":5}},"35":{"start":{"line":94,"column":20},"end":{"line":94,"column":47}},"36":{"start":{"line":95,"column":20},"end":{"line":95,"column":49}},"37":{"start":{"line":96,"column":22},"end":{"line":96,"column":51}},"38":{"start":{"line":98,"column":6},"end":{"line":98,"column":28}},"39":{"start":{"line":99,"column":6},"end":{"line":99,"column":29}},"40":{"start":{"line":102,"column":4},"end":{"line":105,"column":6}},"41":{"start":{"line":109,"column":18},"end":{"line":109,"column":29}},"42":{"start":{"line":110,"column":16},"end":{"line":110,"column":46}},"43":{"start":{"line":111,"column":19},"end":{"line":111,"column":62}},"44":{"start":{"line":112,"column":4},"end":{"line":112,"column":23}},"45":{"start":{"line":114,"column":4},"end":{"line":125,"column":6}},"46":{"start":{"line":115,"column":32},"end":{"line":115,"column":57}},"47":{"start":{"line":117,"column":6},"end":{"line":117,"column":32}},"48":{"start":{"line":118,"column":6},"end":{"line":118,"column":34}},"49":{"start":{"line":119,"column":6},"end":{"line":119,"column":53}},"50":{"start":{"line":120,"column":6},"end":{"line":120,"column":34}},"51":{"start":{"line":122,"column":6},"end":{"line":124,"column":9}},"52":{"start":{"line":129,"column":58},"end":{"line":129,"column":68}},"53":{"start":{"line":131,"column":27},"end":{"line":134,"column":5}},"54":{"start":{"line":136,"column":23},"end":{"line":138,"column":5}},"55":{"start":{"line":140,"column":4},"end":{"line":154,"column":6}},"56":{"start":{"line":158,"column":0},"end":{"line":162,"column":2}}},"fnMap":{"0":{"name":"(anonymous_0)","decl":{"start":{"line":5,"column":2},"end":{"line":5,"column":3}},"loc":{"start":{"line":5,"column":21},"end":{"line":21,"column":3}},"line":5},"1":{"name":"(anonymous_1)","decl":{"start":{"line":23,"column":2},"end":{"line":23,"column":3}},"loc":{"start":{"line":23,"column":22},"end":{"line":28,"column":3}},"line":23},"2":{"name":"(anonymous_2)","decl":{"start":{"line":30,"column":2},"end":{"line":30,"column":3}},"loc":{"start":{"line":30,"column":25},"end":{"line":32,"column":3}},"line":30},"3":{"name":"(anonymous_3)","decl":{"start":{"line":34,"column":2},"end":{"line":34,"column":3}},"loc":{"start":{"line":34,"column":20},"end":{"line":36,"column":3}},"line":34},"4":{"name":"(anonymous_4)","decl":{"start":{"line":38,"column":2},"end":{"line":38,"column":3}},"loc":{"start":{"line":38,"column":28},"end":{"line":56,"column":3}},"line":38},"5":{"name":"(anonymous_5)","decl":{"start":{"line":58,"column":2},"end":{"line":58,"column":3}},"loc":{"start":{"line":58,"column":22},"end":{"line":62,"column":3}},"line":58},"6":{"name":"(anonymous_6)","decl":{"start":{"line":64,"column":2},"end":{"line":64,"column":3}},"loc":{"start":{"line":64,"column":21},"end":{"line":67,"column":3}},"line":64},"7":{"name":"(anonymous_7)","decl":{"start":{"line":69,"column":2},"end":{"line":69,"column":3}},"loc":{"start":{"line":69,"column":22},"end":{"line":79,"column":3}},"line":69},"8":{"name":"(anonymous_8)","decl":{"start":{"line":81,"column":2},"end":{"line":81,"column":3}},"loc":{"start":{"line":81,"column":23},"end":{"line":106,"column":3}},"line":81},"9":{"name":"(anonymous_9)","decl":{"start":{"line":108,"column":2},"end":{"line":108,"column":3}},"loc":{"start":{"line":108,"column":20},"end":{"line":126,"column":3}},"line":108},"10":{"name":"(anonymous_10)","decl":{"start":{"line":114,"column":19},"end":{"line":114,"column":20}},"loc":{"start":{"line":114,"column":25},"end":{"line":125,"column":5}},"line":114},"11":{"name":"(anonymous_11)","decl":{"start":{"line":128,"column":2},"end":{"line":128,"column":3}},"loc":{"start":{"line":128,"column":11},"end":{"line":155,"column":3}},"line":128}},"branchMap":{"0":{"loc":{"start":{"line":49,"column":4},"end":{"line":55,"column":5}},"type":"if","locations":[{"start":{"line":49,"column":4},"end":{"line":55,"column":5}},{"start":{"line":49,"column":4},"end":{"line":55,"column":5}}],"line":49},"1":{"loc":{"start":{"line":76,"column":4},"end":{"line":78,"column":5}},"type":"if","locations":[{"start":{"line":76,"column":4},"end":{"line":78,"column":5}},{"start":{"line":76,"column":4},"end":{"line":78,"column":5}}],"line":76},"2":{"loc":{"start":{"line":93,"column":4},"end":{"line":100,"column":5}},"type":"if","locations":[{"start":{"line":93,"column":4},"end":{"line":100,"column":5}},{"start":{"line":93,"column":4},"end":{"line":100,"column":5}}],"line":93},"3":{"loc":{"start":{"line":93,"column":8},"end":{"line":93,"column":68}},"type":"binary-expr","locations":[{"start":{"line":93,"column":8},"end":{"line":93,"column":35}},{"start":{"line":93,"column":39},"end":{"line":93,"column":68}}],"line":93},"4":{"loc":{"start":{"line":96,"column":22},"end":{"line":96,"column":51}},"type":"cond-expr","locations":[{"start":{"line":96,"column":38},"end":{"line":96,"column":43}},{"start":{"line":96,"column":46},"end":{"line":96,"column":51}}],"line":96},"5":{"loc":{"start":{"line":110,"column":16},"end":{"line":110,"column":46}},"type":"binary-expr","locations":[{"start":{"line":110,"column":16},"end":{"line":110,"column":26}},{"start":{"line":110,"column":30},"end":{"line":110,"column":46}}],"line":110},"6":{"loc":{"start":{"line":148,"column":9},"end":{"line":152,"column":9}},"type":"binary-expr","locations":[{"start":{"line":148,"column":9},"end":{"line":148,"column":21}},{"start":{"line":149,"column":10},"end":{"line":151,"column":16}}],"line":148}},"s":{"0":0,"1":0,"2":0,"3":0,"4":0,"5":0,"6":0,"7":0,"8":0,"9":0,"10":0,"11":0,"12":0,"13":0,"14":0,"15":0,"16":0,"17":0,"18":0,"19":0,"20":0,"21":0,"22":0,"23":0,"24":0,"25":0,"26":0,"27":0,"28":0,"29":0,"30":0,"31":0,"32":0,"33":0,"34":0,"35":0,"36":0,"37":0,"38":0,"39":0,"40":0,"41":0,"42":0,"43":0,"44":0,"45":0,"46":0,"47":0,"48":0,"49":0,"50":0,"51":0,"52":0,"53":0,"54":0,"55":0,"56":1},"f":{"0":0,"1":0,"2":0,"3":0,"4":0,"5":0,"6":0,"7":0,"8":0,"9":0,"10":0,"11":0},"b":{"0":[0,0],"1":[0,0],"2":[0,0],"3":[0,0],"4":[0,0],"5":[0,0],"6":[0,0]},"_coverageSchema":"332fd63041d2c1bcb487cc26dd0d5f7d97098a6c","hash":"69610422c6623fe2d228ab91bebe1e0f91948af6"}
,"/Users/troy/Desktop/dojo/colorly/src/components/DropZoneContent.js": {"path":"/Users/troy/Desktop/dojo/colorly/src/components/DropZoneContent.js","statementMap":{"0":{"start":{"line":5,"column":2},"end":{"line":24,"column":4}},"1":{"start":{"line":21,"column":23},"end":{"line":21,"column":41}},"2":{"start":{"line":27,"column":0},"end":{"line":31,"column":2}}},"fnMap":{"0":{"name":"DropZoneContent","decl":{"start":{"line":4,"column":24},"end":{"line":4,"column":39}},"loc":{"start":{"line":4,"column":73},"end":{"line":25,"column":1}},"line":4},"1":{"name":"(anonymous_1)","decl":{"start":{"line":21,"column":18},"end":{"line":21,"column":19}},"loc":{"start":{"line":21,"column":23},"end":{"line":21,"column":41}},"line":21}},"branchMap":{"0":{"loc":{"start":{"line":7,"column":49},"end":{"line":7,"column":70}},"type":"binary-expr","locations":[{"start":{"line":7,"column":49},"end":{"line":7,"column":59}},{"start":{"line":7,"column":63},"end":{"line":7,"column":70}}],"line":7},"1":{"loc":{"start":{"line":8,"column":9},"end":{"line":15,"column":9}},"type":"cond-expr","locations":[{"start":{"line":9,"column":10},"end":{"line":9,"column":31}},{"start":{"line":11,"column":10},"end":{"line":14,"column":16}}],"line":8}},"s":{"0":0,"1":0,"2":1},"f":{"0":0,"1":0},"b":{"0":[0,0],"1":[0,0]},"_coverageSchema":"332fd63041d2c1bcb487cc26dd0d5f7d97098a6c","hash":"bd8b573e2cc337e6e8c805fad787b9336a7b9914"}
,"/Users/troy/Desktop/dojo/colorly/src/components/Header.js": {"path":"/Users/troy/Desktop/dojo/colorly/src/components/Header.js","statementMap":{"0":{"start":{"line":10,"column":4},"end":{"line":10,"column":17}},"1":{"start":{"line":11,"column":4},"end":{"line":13,"column":6}},"2":{"start":{"line":15,"column":4},"end":{"line":15,"column":65}},"3":{"start":{"line":16,"column":4},"end":{"line":16,"column":75}},"4":{"start":{"line":17,"column":4},"end":{"line":17,"column":71}},"5":{"start":{"line":18,"column":4},"end":{"line":18,"column":51}},"6":{"start":{"line":23,"column":4},"end":{"line":28,"column":9}},"7":{"start":{"line":27,"column":8},"end":{"line":27,"column":53}},"8":{"start":{"line":32,"column":4},"end":{"line":34,"column":7}},"9":{"start":{"line":38,"column":4},"end":{"line":40,"column":5}},"10":{"start":{"line":39,"column":6},"end":{"line":39,"column":38}},"11":{"start":{"line":42,"column":4},"end":{"line":42,"column":45}},"12":{"start":{"line":46,"column":4},"end":{"line":48,"column":7}},"13":{"start":{"line":52,"column":28},"end":{"line":52,"column":38}},"14":{"start":{"line":53,"column":52},"end":{"line":53,"column":62}},"15":{"start":{"line":56,"column":6},"end":{"line":64,"column":12}},"16":{"start":{"line":68,"column":6},"end":{"line":73,"column":12}},"17":{"start":{"line":76,"column":4},"end":{"line":113,"column":6}},"18":{"start":{"line":117,"column":0},"end":{"line":127,"column":2}}},"fnMap":{"0":{"name":"(anonymous_0)","decl":{"start":{"line":9,"column":2},"end":{"line":9,"column":3}},"loc":{"start":{"line":9,"column":21},"end":{"line":19,"column":3}},"line":9},"1":{"name":"(anonymous_1)","decl":{"start":{"line":22,"column":2},"end":{"line":22,"column":3}},"loc":{"start":{"line":22,"column":23},"end":{"line":29,"column":3}},"line":22},"2":{"name":"(anonymous_2)","decl":{"start":{"line":26,"column":12},"end":{"line":26,"column":13}},"loc":{"start":{"line":26,"column":18},"end":{"line":28,"column":7}},"line":26},"3":{"name":"(anonymous_3)","decl":{"start":{"line":31,"column":2},"end":{"line":31,"column":3}},"loc":{"start":{"line":31,"column":28},"end":{"line":35,"column":3}},"line":31},"4":{"name":"(anonymous_4)","decl":{"start":{"line":37,"column":2},"end":{"line":37,"column":3}},"loc":{"start":{"line":37,"column":26},"end":{"line":43,"column":3}},"line":37},"5":{"name":"(anonymous_5)","decl":{"start":{"line":45,"column":2},"end":{"line":45,"column":3}},"loc":{"start":{"line":45,"column":16},"end":{"line":49,"column":3}},"line":45},"6":{"name":"(anonymous_6)","decl":{"start":{"line":51,"column":2},"end":{"line":51,"column":3}},"loc":{"start":{"line":51,"column":11},"end":{"line":114,"column":3}},"line":51}},"branchMap":{"0":{"loc":{"start":{"line":38,"column":4},"end":{"line":40,"column":5}},"type":"if","locations":[{"start":{"line":38,"column":4},"end":{"line":40,"column":5}},{"start":{"line":38,"column":4},"end":{"line":40,"column":5}}],"line":38},"1":{"loc":{"start":{"line":59,"column":11},"end":{"line":59,"column":56}},"type":"cond-expr","locations":[{"start":{"line":59,"column":34},"end":{"line":59,"column":44}},{"start":{"line":59,"column":47},"end":{"line":59,"column":56}}],"line":59},"2":{"loc":{"start":{"line":80,"column":39},"end":{"line":80,"column":66}},"type":"cond-expr","locations":[{"start":{"line":80,"column":55},"end":{"line":80,"column":61}},{"start":{"line":80,"column":64},"end":{"line":80,"column":66}}],"line":80},"3":{"loc":{"start":{"line":84,"column":15},"end":{"line":86,"column":15}},"type":"binary-expr","locations":[{"start":{"line":84,"column":15},"end":{"line":84,"column":35}},{"start":{"line":85,"column":16},"end":{"line":85,"column":63}}],"line":84},"4":{"loc":{"start":{"line":110,"column":11},"end":{"line":110,"column":39}},"type":"binary-expr","locations":[{"start":{"line":110,"column":11},"end":{"line":110,"column":25}},{"start":{"line":110,"column":29},"end":{"line":110,"column":39}}],"line":110}},"s":{"0":7,"1":7,"2":7,"3":7,"4":7,"5":7,"6":0,"7":0,"8":1,"9":0,"10":0,"11":0,"12":0,"13":9,"14":9,"15":9,"16":9,"17":9,"18":2},"f":{"0":7,"1":0,"2":0,"3":1,"4":0,"5":0,"6":9},"b":{"0":[0,0],"1":[9,0],"2":[0,9],"3":[9,0],"4":[9,9]},"_coverageSchema":"332fd63041d2c1bcb487cc26dd0d5f7d97098a6c","hash":"5a28b2a30ee1363733835c5107d26f689c35034f"}
,"/Users/troy/Desktop/dojo/colorly/src/components/Home.js": {"path":"/Users/troy/Desktop/dojo/colorly/src/components/Home.js","statementMap":{"0":{"start":{"line":7,"column":2},"end":{"line":32,"column":4}},"1":{"start":{"line":23,"column":29},"end":{"line":23,"column":51}},"2":{"start":{"line":35,"column":0},"end":{"line":37,"column":2}}},"fnMap":{"0":{"name":"Home","decl":{"start":{"line":6,"column":24},"end":{"line":6,"column":28}},"loc":{"start":{"line":6,"column":45},"end":{"line":33,"column":1}},"line":6},"1":{"name":"(anonymous_1)","decl":{"start":{"line":23,"column":23},"end":{"line":23,"column":24}},"loc":{"start":{"line":23,"column":29},"end":{"line":23,"column":51}},"line":23}},"branchMap":{},"s":{"0":0,"1":0,"2":1},"f":{"0":0,"1":0},"b":{},"_coverageSchema":"332fd63041d2c1bcb487cc26dd0d5f7d97098a6c","hash":"78fecb474239c456976a329d20e864167b5cf299"}
,"/Users/troy/Desktop/dojo/colorly/src/components/Library.js": {"path":"/Users/troy/Desktop/dojo/colorly/src/components/Library.js","statementMap":{"0":{"start":{"line":11,"column":4},"end":{"line":11,"column":17}},"1":{"start":{"line":12,"column":4},"end":{"line":15,"column":6}},"2":{"start":{"line":17,"column":4},"end":{"line":17,"column":57}},"3":{"start":{"line":18,"column":4},"end":{"line":18,"column":71}},"4":{"start":{"line":19,"column":4},"end":{"line":19,"column":57}},"5":{"start":{"line":23,"column":4},"end":{"line":23,"column":59}},"6":{"start":{"line":27,"column":4},"end":{"line":27,"column":62}},"7":{"start":{"line":31,"column":4},"end":{"line":31,"column":40}},"8":{"start":{"line":35,"column":4},"end":{"line":35,"column":41}},"9":{"start":{"line":39,"column":28},"end":{"line":39,"column":38}},"10":{"start":{"line":41,"column":4},"end":{"line":45,"column":5}},"11":{"start":{"line":42,"column":6},"end":{"line":42,"column":27}},"12":{"start":{"line":44,"column":6},"end":{"line":44,"column":28}},"13":{"start":{"line":47,"column":4},"end":{"line":47,"column":37}},"14":{"start":{"line":51,"column":43},"end":{"line":51,"column":53}},"15":{"start":{"line":61,"column":8},"end":{"line":61,"column":18}},"16":{"start":{"line":63,"column":25},"end":{"line":65,"column":6}},"17":{"start":{"line":64,"column":6},"end":{"line":64,"column":49}},"18":{"start":{"line":68,"column":6},"end":{"line":71,"column":12}},"19":{"start":{"line":75,"column":6},"end":{"line":77,"column":12}},"20":{"start":{"line":81,"column":6},"end":{"line":97,"column":12}},"21":{"start":{"line":90,"column":25},"end":{"line":90,"column":45}},"22":{"start":{"line":94,"column":52},"end":{"line":94,"column":69}},"23":{"start":{"line":100,"column":4},"end":{"line":123,"column":6}},"24":{"start":{"line":111,"column":10},"end":{"line":116,"column":12}},"25":{"start":{"line":127,"column":0},"end":{"line":137,"column":2}}},"fnMap":{"0":{"name":"(anonymous_0)","decl":{"start":{"line":10,"column":2},"end":{"line":10,"column":3}},"loc":{"start":{"line":10,"column":21},"end":{"line":20,"column":3}},"line":10},"1":{"name":"(anonymous_1)","decl":{"start":{"line":22,"column":2},"end":{"line":22,"column":3}},"loc":{"start":{"line":22,"column":22},"end":{"line":24,"column":3}},"line":22},"2":{"name":"(anonymous_2)","decl":{"start":{"line":26,"column":2},"end":{"line":26,"column":3}},"loc":{"start":{"line":26,"column":25},"end":{"line":28,"column":3}},"line":26},"3":{"name":"(anonymous_3)","decl":{"start":{"line":30,"column":2},"end":{"line":30,"column":3}},"loc":{"start":{"line":30,"column":22},"end":{"line":32,"column":3}},"line":30},"4":{"name":"(anonymous_4)","decl":{"start":{"line":34,"column":2},"end":{"line":34,"column":3}},"loc":{"start":{"line":34,"column":26},"end":{"line":36,"column":3}},"line":34},"5":{"name":"(anonymous_5)","decl":{"start":{"line":38,"column":2},"end":{"line":38,"column":3}},"loc":{"start":{"line":38,"column":19},"end":{"line":48,"column":3}},"line":38},"6":{"name":"(anonymous_6)","decl":{"start":{"line":50,"column":2},"end":{"line":50,"column":3}},"loc":{"start":{"line":50,"column":11},"end":{"line":124,"column":3}},"line":50},"7":{"name":"(anonymous_7)","decl":{"start":{"line":63,"column":44},"end":{"line":63,"column":45}},"loc":{"start":{"line":64,"column":6},"end":{"line":64,"column":49}},"line":64},"8":{"name":"(anonymous_8)","decl":{"start":{"line":90,"column":19},"end":{"line":90,"column":20}},"loc":{"start":{"line":90,"column":25},"end":{"line":90,"column":45}},"line":90},"9":{"name":"(anonymous_9)","decl":{"start":{"line":94,"column":46},"end":{"line":94,"column":47}},"loc":{"start":{"line":94,"column":52},"end":{"line":94,"column":69}},"line":94},"10":{"name":"(anonymous_10)","decl":{"start":{"line":110,"column":21},"end":{"line":110,"column":22}},"loc":{"start":{"line":111,"column":10},"end":{"line":116,"column":12}},"line":111}},"branchMap":{"0":{"loc":{"start":{"line":41,"column":4},"end":{"line":45,"column":5}},"type":"if","locations":[{"start":{"line":41,"column":4},"end":{"line":45,"column":5}},{"start":{"line":41,"column":4},"end":{"line":45,"column":5}}],"line":41},"1":{"loc":{"start":{"line":118,"column":9},"end":{"line":118,"column":32}},"type":"binary-expr","locations":[{"start":{"line":118,"column":9},"end":{"line":118,"column":16}},{"start":{"line":118,"column":20},"end":{"line":118,"column":32}}],"line":118},"2":{"loc":{"start":{"line":119,"column":9},"end":{"line":119,"column":33}},"type":"binary-expr","locations":[{"start":{"line":119,"column":9},"end":{"line":119,"column":20}},{"start":{"line":119,"column":24},"end":{"line":119,"column":33}}],"line":119},"3":{"loc":{"start":{"line":120,"column":9},"end":{"line":120,"column":52}},"type":"binary-expr","locations":[{"start":{"line":120,"column":9},"end":{"line":120,"column":24}},{"start":{"line":120,"column":28},"end":{"line":120,"column":36}},{"start":{"line":120,"column":40},"end":{"line":120,"column":52}}],"line":120},"4":{"loc":{"start":{"line":121,"column":9},"end":{"line":121,"column":35}},"type":"binary-expr","locations":[{"start":{"line":121,"column":9},"end":{"line":121,"column":18}},{"start":{"line":121,"column":22},"end":{"line":121,"column":35}}],"line":121}},"s":{"0":0,"1":0,"2":0,"3":0,"4":0,"5":0,"6":0,"7":0,"8":0,"9":0,"10":0,"11":0,"12":0,"13":0,"14":0,"15":0,"16":0,"17":0,"18":0,"19":0,"20":0,"21":0,"22":0,"23":0,"24":0,"25":1},"f":{"0":0,"1":0,"2":0,"3":0,"4":0,"5":0,"6":0,"7":0,"8":0,"9":0,"10":0},"b":{"0":[0,0],"1":[0,0],"2":[0,0],"3":[0,0,0],"4":[0,0]},"_coverageSchema":"332fd63041d2c1bcb487cc26dd0d5f7d97098a6c","hash":"15c8e5d68b1086ff0fcf574de656a23a5254ed7a"}
,"/Users/troy/Desktop/dojo/colorly/src/components/NotFound.js": {"path":"/Users/troy/Desktop/dojo/colorly/src/components/NotFound.js","statementMap":{"0":{"start":{"line":5,"column":2},"end":{"line":18,"column":4}},"1":{"start":{"line":12,"column":10},"end":{"line":12,"column":28}},"2":{"start":{"line":21,"column":0},"end":{"line":25,"column":2}}},"fnMap":{"0":{"name":"NotFound","decl":{"start":{"line":4,"column":24},"end":{"line":4,"column":32}},"loc":{"start":{"line":4,"column":46},"end":{"line":19,"column":1}},"line":4},"1":{"name":"(anonymous_1)","decl":{"start":{"line":11,"column":17},"end":{"line":11,"column":18}},"loc":{"start":{"line":11,"column":23},"end":{"line":13,"column":9}},"line":11}},"branchMap":{},"s":{"0":0,"1":0,"2":1},"f":{"0":0,"1":0},"b":{},"_coverageSchema":"332fd63041d2c1bcb487cc26dd0d5f7d97098a6c","hash":"73924065141ae566d5ff43f5782d661dddd7c7a3"}
,"/Users/troy/Desktop/dojo/colorly/src/components/PaletteBuild.js": {"path":"/Users/troy/Desktop/dojo/colorly/src/components/PaletteBuild.js","statementMap":{"0":{"start":{"line":13,"column":4},"end":{"line":13,"column":17}},"1":{"start":{"line":14,"column":4},"end":{"line":24,"column":6}},"2":{"start":{"line":26,"column":4},"end":{"line":26,"column":59}},"3":{"start":{"line":27,"column":4},"end":{"line":27,"column":59}},"4":{"start":{"line":28,"column":4},"end":{"line":28,"column":59}},"5":{"start":{"line":29,"column":4},"end":{"line":29,"column":57}},"6":{"start":{"line":30,"column":4},"end":{"line":30,"column":59}},"7":{"start":{"line":31,"column":4},"end":{"line":31,"column":51}},"8":{"start":{"line":32,"column":4},"end":{"line":32,"column":53}},"9":{"start":{"line":33,"column":4},"end":{"line":33,"column":51}},"10":{"start":{"line":37,"column":4},"end":{"line":37,"column":40}},"11":{"start":{"line":38,"column":4},"end":{"line":38,"column":39}},"12":{"start":{"line":42,"column":4},"end":{"line":42,"column":44}},"13":{"start":{"line":46,"column":4},"end":{"line":46,"column":45}},"14":{"start":{"line":50,"column":4},"end":{"line":50,"column":23}},"15":{"start":{"line":51,"column":4},"end":{"line":51,"column":43}},"16":{"start":{"line":55,"column":4},"end":{"line":55,"column":23}},"17":{"start":{"line":56,"column":4},"end":{"line":56,"column":44}},"18":{"start":{"line":60,"column":4},"end":{"line":60,"column":23}},"19":{"start":{"line":63,"column":22},"end":{"line":65,"column":25}},"20":{"start":{"line":68,"column":22},"end":{"line":68,"column":30}},"21":{"start":{"line":69,"column":21},"end":{"line":69,"column":42}},"22":{"start":{"line":70,"column":23},"end":{"line":75,"column":5}},"23":{"start":{"line":78,"column":4},"end":{"line":86,"column":5}},"24":{"start":{"line":79,"column":6},"end":{"line":82,"column":9}},"25":{"start":{"line":84,"column":6},"end":{"line":84,"column":33}},"26":{"start":{"line":85,"column":6},"end":{"line":85,"column":13}},"27":{"start":{"line":88,"column":4},"end":{"line":96,"column":5}},"28":{"start":{"line":89,"column":6},"end":{"line":92,"column":9}},"29":{"start":{"line":94,"column":6},"end":{"line":94,"column":33}},"30":{"start":{"line":95,"column":6},"end":{"line":95,"column":13}},"31":{"start":{"line":98,"column":4},"end":{"line":98,"column":46}},"32":{"start":{"line":102,"column":33},"end":{"line":102,"column":43}},"33":{"start":{"line":103,"column":21},"end":{"line":103,"column":41}},"34":{"start":{"line":105,"column":4},"end":{"line":107,"column":7}},"35":{"start":{"line":111,"column":4},"end":{"line":114,"column":7}},"36":{"start":{"line":118,"column":48},"end":{"line":118,"column":58}},"37":{"start":{"line":119,"column":28},"end":{"line":119,"column":38}},"38":{"start":{"line":122,"column":4},"end":{"line":125,"column":5}},"39":{"start":{"line":123,"column":6},"end":{"line":123,"column":33}},"40":{"start":{"line":124,"column":6},"end":{"line":124,"column":13}},"41":{"start":{"line":127,"column":23},"end":{"line":127,"column":68}},"42":{"start":{"line":128,"column":19},"end":{"line":128,"column":46}},"43":{"start":{"line":130,"column":4},"end":{"line":142,"column":9}},"44":{"start":{"line":132,"column":8},"end":{"line":136,"column":11}},"45":{"start":{"line":133,"column":10},"end":{"line":133,"column":67}},"46":{"start":{"line":135,"column":10},"end":{"line":135,"column":39}},"47":{"start":{"line":139,"column":8},"end":{"line":139,"column":24}},"48":{"start":{"line":141,"column":8},"end":{"line":141,"column":37}},"49":{"start":{"line":144,"column":4},"end":{"line":147,"column":7}},"50":{"start":{"line":151,"column":24},"end":{"line":151,"column":34}},"51":{"start":{"line":152,"column":26},"end":{"line":152,"column":36}},"52":{"start":{"line":154,"column":4},"end":{"line":158,"column":5}},"53":{"start":{"line":155,"column":6},"end":{"line":155,"column":40}},"54":{"start":{"line":157,"column":6},"end":{"line":157,"column":38}},"55":{"start":{"line":160,"column":4},"end":{"line":160,"column":35}},"56":{"start":{"line":161,"column":4},"end":{"line":161,"column":28}},"57":{"start":{"line":165,"column":4},"end":{"line":167,"column":13}},"58":{"start":{"line":166,"column":6},"end":{"line":166,"column":44}},"59":{"start":{"line":171,"column":4},"end":{"line":173,"column":13}},"60":{"start":{"line":172,"column":6},"end":{"line":172,"column":43}},"61":{"start":{"line":186,"column":8},"end":{"line":186,"column":18}},"62":{"start":{"line":189,"column":6},"end":{"line":191,"column":12}},"63":{"start":{"line":194,"column":4},"end":{"line":234,"column":6}},"64":{"start":{"line":238,"column":0},"end":{"line":246,"column":2}}},"fnMap":{"0":{"name":"(anonymous_0)","decl":{"start":{"line":12,"column":2},"end":{"line":12,"column":3}},"loc":{"start":{"line":12,"column":21},"end":{"line":34,"column":3}},"line":12},"1":{"name":"(anonymous_1)","decl":{"start":{"line":36,"column":2},"end":{"line":36,"column":3}},"loc":{"start":{"line":36,"column":25},"end":{"line":39,"column":3}},"line":36},"2":{"name":"(anonymous_2)","decl":{"start":{"line":41,"column":2},"end":{"line":41,"column":3}},"loc":{"start":{"line":41,"column":21},"end":{"line":43,"column":3}},"line":41},"3":{"name":"(anonymous_3)","decl":{"start":{"line":45,"column":2},"end":{"line":45,"column":3}},"loc":{"start":{"line":45,"column":21},"end":{"line":47,"column":3}},"line":45},"4":{"name":"(anonymous_4)","decl":{"start":{"line":49,"column":2},"end":{"line":49,"column":3}},"loc":{"start":{"line":49,"column":20},"end":{"line":52,"column":3}},"line":49},"5":{"name":"(anonymous_5)","decl":{"start":{"line":54,"column":2},"end":{"line":54,"column":3}},"loc":{"start":{"line":54,"column":21},"end":{"line":57,"column":3}},"line":54},"6":{"name":"(anonymous_6)","decl":{"start":{"line":59,"column":2},"end":{"line":59,"column":3}},"loc":{"start":{"line":59,"column":21},"end":{"line":99,"column":3}},"line":59},"7":{"name":"(anonymous_7)","decl":{"start":{"line":101,"column":2},"end":{"line":101,"column":3}},"loc":{"start":{"line":101,"column":21},"end":{"line":108,"column":3}},"line":101},"8":{"name":"(anonymous_8)","decl":{"start":{"line":110,"column":2},"end":{"line":110,"column":3}},"loc":{"start":{"line":110,"column":17},"end":{"line":115,"column":3}},"line":110},"9":{"name":"(anonymous_9)","decl":{"start":{"line":117,"column":2},"end":{"line":117,"column":3}},"loc":{"start":{"line":117,"column":16},"end":{"line":148,"column":3}},"line":117},"10":{"name":"(anonymous_10)","decl":{"start":{"line":131,"column":12},"end":{"line":131,"column":13}},"loc":{"start":{"line":131,"column":18},"end":{"line":137,"column":7}},"line":131},"11":{"name":"(anonymous_11)","decl":{"start":{"line":132,"column":41},"end":{"line":132,"column":42}},"loc":{"start":{"line":132,"column":48},"end":{"line":136,"column":9}},"line":132},"12":{"name":"(anonymous_12)","decl":{"start":{"line":138,"column":13},"end":{"line":138,"column":14}},"loc":{"start":{"line":138,"column":20},"end":{"line":142,"column":7}},"line":138},"13":{"name":"(anonymous_13)","decl":{"start":{"line":150,"column":2},"end":{"line":150,"column":3}},"loc":{"start":{"line":150,"column":24},"end":{"line":162,"column":3}},"line":150},"14":{"name":"(anonymous_14)","decl":{"start":{"line":164,"column":2},"end":{"line":164,"column":3}},"loc":{"start":{"line":164,"column":21},"end":{"line":168,"column":3}},"line":164},"15":{"name":"(anonymous_15)","decl":{"start":{"line":165,"column":39},"end":{"line":165,"column":40}},"loc":{"start":{"line":165,"column":45},"end":{"line":167,"column":5}},"line":165},"16":{"name":"(anonymous_16)","decl":{"start":{"line":170,"column":2},"end":{"line":170,"column":3}},"loc":{"start":{"line":170,"column":24},"end":{"line":174,"column":3}},"line":170},"17":{"name":"(anonymous_17)","decl":{"start":{"line":171,"column":38},"end":{"line":171,"column":39}},"loc":{"start":{"line":171,"column":44},"end":{"line":173,"column":5}},"line":171},"18":{"name":"(anonymous_18)","decl":{"start":{"line":176,"column":2},"end":{"line":176,"column":3}},"loc":{"start":{"line":176,"column":11},"end":{"line":235,"column":3}},"line":176}},"branchMap":{"0":{"loc":{"start":{"line":63,"column":22},"end":{"line":65,"column":25}},"type":"cond-expr","locations":[{"start":{"line":64,"column":8},"end":{"line":64,"column":31}},{"start":{"line":65,"column":8},"end":{"line":65,"column":25}}],"line":63},"1":{"loc":{"start":{"line":78,"column":4},"end":{"line":86,"column":5}},"type":"if","locations":[{"start":{"line":78,"column":4},"end":{"line":86,"column":5}},{"start":{"line":78,"column":4},"end":{"line":86,"column":5}}],"line":78},"2":{"loc":{"start":{"line":88,"column":4},"end":{"line":96,"column":5}},"type":"if","locations":[{"start":{"line":88,"column":4},"end":{"line":96,"column":5}},{"start":{"line":88,"column":4},"end":{"line":96,"column":5}}],"line":88},"3":{"loc":{"start":{"line":122,"column":4},"end":{"line":125,"column":5}},"type":"if","locations":[{"start":{"line":122,"column":4},"end":{"line":125,"column":5}},{"start":{"line":122,"column":4},"end":{"line":125,"column":5}}],"line":122},"4":{"loc":{"start":{"line":122,"column":8},"end":{"line":122,"column":53}},"type":"binary-expr","locations":[{"start":{"line":122,"column":8},"end":{"line":122,"column":36}},{"start":{"line":122,"column":40},"end":{"line":122,"column":53}}],"line":122},"5":{"loc":{"start":{"line":154,"column":4},"end":{"line":158,"column":5}},"type":"if","locations":[{"start":{"line":154,"column":4},"end":{"line":158,"column":5}},{"start":{"line":154,"column":4},"end":{"line":158,"column":5}}],"line":154},"6":{"loc":{"start":{"line":199,"column":9},"end":{"line":231,"column":9}},"type":"cond-expr","locations":[{"start":{"line":200,"column":10},"end":{"line":212,"column":16}},{"start":{"line":214,"column":10},"end":{"line":230,"column":16}}],"line":199},"7":{"loc":{"start":{"line":201,"column":36},"end":{"line":201,"column":67}},"type":"cond-expr","locations":[{"start":{"line":201,"column":52},"end":{"line":201,"column":62}},{"start":{"line":201,"column":65},"end":{"line":201,"column":67}}],"line":201},"8":{"loc":{"start":{"line":206,"column":13},"end":{"line":211,"column":13}},"type":"binary-expr","locations":[{"start":{"line":206,"column":13},"end":{"line":206,"column":27}},{"start":{"line":207,"column":14},"end":{"line":210,"column":16}}],"line":206},"9":{"loc":{"start":{"line":232,"column":9},"end":{"line":232,"column":35}},"type":"binary-expr","locations":[{"start":{"line":232,"column":9},"end":{"line":232,"column":22}},{"start":{"line":232,"column":26},"end":{"line":232,"column":35}}],"line":232}},"s":{"0":0,"1":0,"2":0,"3":0,"4":0,"5":0,"6":0,"7":0,"8":0,"9":0,"10":0,"11":0,"12":0,"13":0,"14":0,"15":0,"16":0,"17":0,"18":0,"19":0,"20":0,"21":0,"22":0,"23":0,"24":0,"25":0,"26":0,"27":0,"28":0,"29":0,"30":0,"31":0,"32":0,"33":0,"34":0,"35":0,"36":0,"37":0,"38":0,"39":0,"40":0,"41":0,"42":0,"43":0,"44":0,"45":0,"46":0,"47":0,"48":0,"49":0,"50":0,"51":0,"52":0,"53":0,"54":0,"55":0,"56":0,"57":0,"58":0,"59":0,"60":0,"61":0,"62":0,"63":0,"64":1},"f":{"0":0,"1":0,"2":0,"3":0,"4":0,"5":0,"6":0,"7":0,"8":0,"9":0,"10":0,"11":0,"12":0,"13":0,"14":0,"15":0,"16":0,"17":0,"18":0},"b":{"0":[0,0],"1":[0,0],"2":[0,0],"3":[0,0],"4":[0,0],"5":[0,0],"6":[0,0],"7":[0,0],"8":[0,0],"9":[0,0]},"_coverageSchema":"332fd63041d2c1bcb487cc26dd0d5f7d97098a6c","hash":"06e1a2c38b8fa20933596f68d112a3e385463856"}
,"/Users/troy/Desktop/dojo/colorly/src/components/PaletteBuildFooter.js": {"path":"/Users/troy/Desktop/dojo/colorly/src/components/PaletteBuildFooter.js","statementMap":{"0":{"start":{"line":8,"column":4},"end":{"line":8,"column":17}},"1":{"start":{"line":10,"column":4},"end":{"line":10,"column":53}},"2":{"start":{"line":11,"column":4},"end":{"line":11,"column":69}},"3":{"start":{"line":12,"column":4},"end":{"line":12,"column":55}},"4":{"start":{"line":13,"column":4},"end":{"line":13,"column":61}},"5":{"start":{"line":14,"column":4},"end":{"line":14,"column":63}},"6":{"start":{"line":15,"column":4},"end":{"line":15,"column":63}},"7":{"start":{"line":19,"column":4},"end":{"line":19,"column":26}},"8":{"start":{"line":23,"column":4},"end":{"line":23,"column":34}},"9":{"start":{"line":27,"column":4},"end":{"line":27,"column":34}},"10":{"start":{"line":31,"column":4},"end":{"line":31,"column":28}},"11":{"start":{"line":35,"column":4},"end":{"line":37,"column":5}},"12":{"start":{"line":36,"column":6},"end":{"line":36,"column":29}},"13":{"start":{"line":41,"column":19},"end":{"line":41,"column":37}},"14":{"start":{"line":43,"column":4},"end":{"line":45,"column":5}},"15":{"start":{"line":44,"column":6},"end":{"line":44,"column":31}},"16":{"start":{"line":46,"column":4},"end":{"line":48,"column":5}},"17":{"start":{"line":47,"column":6},"end":{"line":47,"column":32}},"18":{"start":{"line":52,"column":62},"end":{"line":52,"column":72}},"19":{"start":{"line":54,"column":4},"end":{"line":145,"column":6}},"20":{"start":{"line":149,"column":0},"end":{"line":160,"column":2}}},"fnMap":{"0":{"name":"(anonymous_0)","decl":{"start":{"line":7,"column":2},"end":{"line":7,"column":3}},"loc":{"start":{"line":7,"column":21},"end":{"line":16,"column":3}},"line":7},"1":{"name":"(anonymous_1)","decl":{"start":{"line":18,"column":2},"end":{"line":18,"column":3}},"loc":{"start":{"line":18,"column":24},"end":{"line":20,"column":3}},"line":18},"2":{"name":"(anonymous_2)","decl":{"start":{"line":22,"column":2},"end":{"line":22,"column":3}},"loc":{"start":{"line":22,"column":18},"end":{"line":24,"column":3}},"line":22},"3":{"name":"(anonymous_3)","decl":{"start":{"line":26,"column":2},"end":{"line":26,"column":3}},"loc":{"start":{"line":26,"column":23},"end":{"line":28,"column":3}},"line":26},"4":{"name":"(anonymous_4)","decl":{"start":{"line":30,"column":2},"end":{"line":30,"column":3}},"loc":{"start":{"line":30,"column":25},"end":{"line":32,"column":3}},"line":30},"5":{"name":"(anonymous_5)","decl":{"start":{"line":34,"column":2},"end":{"line":34,"column":3}},"loc":{"start":{"line":34,"column":19},"end":{"line":38,"column":3}},"line":34},"6":{"name":"(anonymous_6)","decl":{"start":{"line":40,"column":2},"end":{"line":40,"column":3}},"loc":{"start":{"line":40,"column":23},"end":{"line":49,"column":3}},"line":40},"7":{"name":"(anonymous_7)","decl":{"start":{"line":51,"column":2},"end":{"line":51,"column":3}},"loc":{"start":{"line":51,"column":11},"end":{"line":146,"column":3}},"line":51}},"branchMap":{"0":{"loc":{"start":{"line":35,"column":4},"end":{"line":37,"column":5}},"type":"if","locations":[{"start":{"line":35,"column":4},"end":{"line":37,"column":5}},{"start":{"line":35,"column":4},"end":{"line":37,"column":5}}],"line":35},"1":{"loc":{"start":{"line":43,"column":4},"end":{"line":45,"column":5}},"type":"if","locations":[{"start":{"line":43,"column":4},"end":{"line":45,"column":5}},{"start":{"line":43,"column":4},"end":{"line":45,"column":5}}],"line":43},"2":{"loc":{"start":{"line":46,"column":4},"end":{"line":48,"column":5}},"type":"if","locations":[{"start":{"line":46,"column":4},"end":{"line":48,"column":5}},{"start":{"line":46,"column":4},"end":{"line":48,"column":5}}],"line":46},"3":{"loc":{"start":{"line":139,"column":44},"end":{"line":139,"column":71}},"type":"cond-expr","locations":[{"start":{"line":139,"column":58},"end":{"line":139,"column":66}},{"start":{"line":139,"column":69},"end":{"line":139,"column":71}}],"line":139}},"s":{"0":0,"1":0,"2":0,"3":0,"4":0,"5":0,"6":0,"7":0,"8":0,"9":0,"10":0,"11":0,"12":0,"13":0,"14":0,"15":0,"16":0,"17":0,"18":0,"19":0,"20":1},"f":{"0":0,"1":0,"2":0,"3":0,"4":0,"5":0,"6":0,"7":0},"b":{"0":[0,0],"1":[0,0],"2":[0,0],"3":[0,0]},"_coverageSchema":"332fd63041d2c1bcb487cc26dd0d5f7d97098a6c","hash":"5d44c5087f56db61e111aede57567ec9110950b5"}
,"/Users/troy/Desktop/dojo/colorly/src/components/PaletteCard.js": {"path":"/Users/troy/Desktop/dojo/colorly/src/components/PaletteCard.js","statementMap":{"0":{"start":{"line":9,"column":4},"end":{"line":9,"column":17}},"1":{"start":{"line":10,"column":4},"end":{"line":13,"column":6}},"2":{"start":{"line":15,"column":4},"end":{"line":15,"column":75}},"3":{"start":{"line":16,"column":4},"end":{"line":16,"column":51}},"4":{"start":{"line":17,"column":4},"end":{"line":17,"column":63}},"5":{"start":{"line":21,"column":4},"end":{"line":21,"column":38}},"6":{"start":{"line":25,"column":4},"end":{"line":27,"column":7}},"7":{"start":{"line":31,"column":4},"end":{"line":33,"column":7}},"8":{"start":{"line":37,"column":4},"end":{"line":37,"column":39}},"9":{"start":{"line":38,"column":4},"end":{"line":38,"column":26}},"10":{"start":{"line":42,"column":4},"end":{"line":44,"column":13}},"11":{"start":{"line":43,"column":6},"end":{"line":43,"column":42}},"12":{"start":{"line":48,"column":39},"end":{"line":48,"column":49}},"13":{"start":{"line":49,"column":60},"end":{"line":49,"column":70}},"14":{"start":{"line":52,"column":6},"end":{"line":65,"column":12}},"15":{"start":{"line":55,"column":25},"end":{"line":55,"column":49}},"16":{"start":{"line":61,"column":25},"end":{"line":61,"column":52}},"17":{"start":{"line":68,"column":4},"end":{"line":98,"column":6}},"18":{"start":{"line":72,"column":12},"end":{"line":76,"column":14}},"19":{"start":{"line":102,"column":0},"end":{"line":110,"column":2}}},"fnMap":{"0":{"name":"(anonymous_0)","decl":{"start":{"line":8,"column":2},"end":{"line":8,"column":3}},"loc":{"start":{"line":8,"column":21},"end":{"line":18,"column":3}},"line":8},"1":{"name":"(anonymous_1)","decl":{"start":{"line":20,"column":2},"end":{"line":20,"column":3}},"loc":{"start":{"line":20,"column":25},"end":{"line":22,"column":3}},"line":20},"2":{"name":"(anonymous_2)","decl":{"start":{"line":24,"column":2},"end":{"line":24,"column":3}},"loc":{"start":{"line":24,"column":28},"end":{"line":28,"column":3}},"line":24},"3":{"name":"(anonymous_3)","decl":{"start":{"line":30,"column":2},"end":{"line":30,"column":3}},"loc":{"start":{"line":30,"column":16},"end":{"line":34,"column":3}},"line":30},"4":{"name":"(anonymous_4)","decl":{"start":{"line":36,"column":2},"end":{"line":36,"column":3}},"loc":{"start":{"line":36,"column":22},"end":{"line":39,"column":3}},"line":36},"5":{"name":"(anonymous_5)","decl":{"start":{"line":41,"column":2},"end":{"line":41,"column":3}},"loc":{"start":{"line":41,"column":19},"end":{"line":45,"column":3}},"line":41},"6":{"name":"(anonymous_6)","decl":{"start":{"line":42,"column":37},"end":{"line":42,"column":38}},"loc":{"start":{"line":42,"column":43},"end":{"line":44,"column":5}},"line":42},"7":{"name":"(anonymous_7)","decl":{"start":{"line":47,"column":2},"end":{"line":47,"column":3}},"loc":{"start":{"line":47,"column":11},"end":{"line":99,"column":3}},"line":47},"8":{"name":"(anonymous_8)","decl":{"start":{"line":55,"column":19},"end":{"line":55,"column":20}},"loc":{"start":{"line":55,"column":25},"end":{"line":55,"column":49}},"line":55},"9":{"name":"(anonymous_9)","decl":{"start":{"line":61,"column":19},"end":{"line":61,"column":20}},"loc":{"start":{"line":61,"column":25},"end":{"line":61,"column":52}},"line":61},"10":{"name":"(anonymous_10)","decl":{"start":{"line":71,"column":41},"end":{"line":71,"column":42}},"loc":{"start":{"line":72,"column":12},"end":{"line":76,"column":14}},"line":72}},"branchMap":{"0":{"loc":{"start":{"line":93,"column":11},"end":{"line":95,"column":11}},"type":"binary-expr","locations":[{"start":{"line":93,"column":11},"end":{"line":93,"column":20}},{"start":{"line":94,"column":12},"end":{"line":94,"column":65}}],"line":93}},"s":{"0":0,"1":0,"2":0,"3":0,"4":0,"5":0,"6":0,"7":0,"8":0,"9":0,"10":0,"11":0,"12":0,"13":0,"14":0,"15":0,"16":0,"17":0,"18":0,"19":1},"f":{"0":0,"1":0,"2":0,"3":0,"4":0,"5":0,"6":0,"7":0,"8":0,"9":0,"10":0},"b":{"0":[0,0]},"_coverageSchema":"332fd63041d2c1bcb487cc26dd0d5f7d97098a6c","hash":"29bde96dc2f90afad993a5b672a8dd7eb3b42f33"}
,"/Users/troy/Desktop/dojo/colorly/src/components/Swatch.js": {"path":"/Users/troy/Desktop/dojo/colorly/src/components/Swatch.js","statementMap":{"0":{"start":{"line":7,"column":4},"end":{"line":7,"column":17}},"1":{"start":{"line":8,"column":4},"end":{"line":10,"column":6}},"2":{"start":{"line":12,"column":4},"end":{"line":12,"column":51}},"3":{"start":{"line":13,"column":4},"end":{"line":13,"column":51}},"4":{"start":{"line":17,"column":4},"end":{"line":17,"column":27}},"5":{"start":{"line":21,"column":4},"end":{"line":21,"column":24}},"6":{"start":{"line":26,"column":16},"end":{"line":26,"column":42}},"7":{"start":{"line":27,"column":32},"end":{"line":27,"column":35}},"8":{"start":{"line":31,"column":23},"end":{"line":36,"column":5}},"9":{"start":{"line":38,"column":4},"end":{"line":40,"column":5}},"10":{"start":{"line":39,"column":6},"end":{"line":39,"column":43}},"11":{"start":{"line":44,"column":4},"end":{"line":44,"column":27}},"12":{"start":{"line":45,"column":4},"end":{"line":45,"column":33}},"13":{"start":{"line":46,"column":4},"end":{"line":46,"column":35}},"14":{"start":{"line":50,"column":16},"end":{"line":50,"column":42}},"15":{"start":{"line":52,"column":4},"end":{"line":69,"column":6}},"16":{"start":{"line":73,"column":0},"end":{"line":76,"column":2}}},"fnMap":{"0":{"name":"(anonymous_0)","decl":{"start":{"line":6,"column":2},"end":{"line":6,"column":3}},"loc":{"start":{"line":6,"column":21},"end":{"line":14,"column":3}},"line":6},"1":{"name":"(anonymous_1)","decl":{"start":{"line":16,"column":2},"end":{"line":16,"column":3}},"loc":{"start":{"line":16,"column":22},"end":{"line":18,"column":3}},"line":16},"2":{"name":"(anonymous_2)","decl":{"start":{"line":20,"column":2},"end":{"line":20,"column":3}},"loc":{"start":{"line":20,"column":19},"end":{"line":22,"column":3}},"line":20},"3":{"name":"(anonymous_3)","decl":{"start":{"line":25,"column":2},"end":{"line":25,"column":3}},"loc":{"start":{"line":25,"column":20},"end":{"line":41,"column":3}},"line":25},"4":{"name":"(anonymous_4)","decl":{"start":{"line":43,"column":2},"end":{"line":43,"column":3}},"loc":{"start":{"line":43,"column":16},"end":{"line":47,"column":3}},"line":43},"5":{"name":"(anonymous_5)","decl":{"start":{"line":49,"column":2},"end":{"line":49,"column":3}},"loc":{"start":{"line":49,"column":11},"end":{"line":70,"column":3}},"line":49}},"branchMap":{"0":{"loc":{"start":{"line":38,"column":4},"end":{"line":40,"column":5}},"type":"if","locations":[{"start":{"line":38,"column":4},"end":{"line":40,"column":5}},{"start":{"line":38,"column":4},"end":{"line":40,"column":5}}],"line":38}},"s":{"0":0,"1":0,"2":0,"3":0,"4":0,"5":0,"6":0,"7":0,"8":0,"9":0,"10":0,"11":0,"12":0,"13":0,"14":0,"15":0,"16":1},"f":{"0":0,"1":0,"2":0,"3":0,"4":0,"5":0},"b":{"0":[0,0]},"_coverageSchema":"332fd63041d2c1bcb487cc26dd0d5f7d97098a6c","hash":"3bcf09540562c4473248ff960ed4fc1835a7e077"}
,"/Users/troy/Desktop/dojo/colorly/src/tests/setupTests.js": {"path":"/Users/troy/Desktop/dojo/colorly/src/tests/setupTests.js","statementMap":{"0":{"start":{"line":4,"column":0},"end":{"line":4,"column":45}},"1":{"start":{"line":8,"column":4},"end":{"line":8,"column":20}},"2":{"start":{"line":11,"column":4},"end":{"line":11,"column":20}},"3":{"start":{"line":14,"column":4},"end":{"line":14,"column":35}},"4":{"start":{"line":17,"column":4},"end":{"line":17,"column":39}},"5":{"start":{"line":21,"column":0},"end":{"line":21,"column":45}}},"fnMap":{"0":{"name":"(anonymous_0)","decl":{"start":{"line":7,"column":2},"end":{"line":7,"column":3}},"loc":{"start":{"line":7,"column":16},"end":{"line":9,"column":3}},"line":7},"1":{"name":"(anonymous_1)","decl":{"start":{"line":10,"column":2},"end":{"line":10,"column":3}},"loc":{"start":{"line":10,"column":10},"end":{"line":12,"column":3}},"line":10},"2":{"name":"(anonymous_2)","decl":{"start":{"line":13,"column":2},"end":{"line":13,"column":3}},"loc":{"start":{"line":13,"column":15},"end":{"line":15,"column":3}},"line":13},"3":{"name":"(anonymous_3)","decl":{"start":{"line":16,"column":2},"end":{"line":16,"column":3}},"loc":{"start":{"line":16,"column":22},"end":{"line":18,"column":3}},"line":16}},"branchMap":{"0":{"loc":{"start":{"line":14,"column":11},"end":{"line":14,"column":34}},"type":"binary-expr","locations":[{"start":{"line":14,"column":11},"end":{"line":14,"column":26}},{"start":{"line":14,"column":30},"end":{"line":14,"column":34}}],"line":14}},"s":{"0":2,"1":2,"2":0,"3":2,"4":3,"5":2},"f":{"0":2,"1":0,"2":2,"3":3},"b":{"0":[2,2]},"_coverageSchema":"332fd63041d2c1bcb487cc26dd0d5f7d97098a6c","hash":"a49ac04089221a56dc02d7937f2174c547a25963"}
,"/Users/troy/Desktop/dojo/colorly/src/utils/ClickOutside.js": {"path":"/Users/troy/Desktop/dojo/colorly/src/utils/ClickOutside.js","statementMap":{"0":{"start":{"line":7,"column":4},"end":{"line":7,"column":17}},"1":{"start":{"line":9,"column":4},"end":{"line":9,"column":55}},"2":{"start":{"line":10,"column":4},"end":{"line":10,"column":65}},"3":{"start":{"line":14,"column":30},"end":{"line":14,"column":40}},"4":{"start":{"line":16,"column":4},"end":{"line":22,"column":5}},"5":{"start":{"line":17,"column":6},"end":{"line":21,"column":7}},"6":{"start":{"line":18,"column":8},"end":{"line":18,"column":68}},"7":{"start":{"line":20,"column":8},"end":{"line":20,"column":71}},"8":{"start":{"line":26,"column":4},"end":{"line":26,"column":30}},"9":{"start":{"line":30,"column":4},"end":{"line":32,"column":5}},"10":{"start":{"line":31,"column":6},"end":{"line":31,"column":34}},"11":{"start":{"line":36,"column":40},"end":{"line":36,"column":50}},"12":{"start":{"line":37,"column":4},"end":{"line":47,"column":6}},"13":{"start":{"line":51,"column":0},"end":{"line":55,"column":2}}},"fnMap":{"0":{"name":"(anonymous_0)","decl":{"start":{"line":6,"column":2},"end":{"line":6,"column":3}},"loc":{"start":{"line":6,"column":21},"end":{"line":11,"column":3}},"line":6},"1":{"name":"(anonymous_1)","decl":{"start":{"line":13,"column":2},"end":{"line":13,"column":3}},"loc":{"start":{"line":13,"column":32},"end":{"line":23,"column":3}},"line":13},"2":{"name":"(anonymous_2)","decl":{"start":{"line":25,"column":2},"end":{"line":25,"column":3}},"loc":{"start":{"line":25,"column":25},"end":{"line":27,"column":3}},"line":25},"3":{"name":"(anonymous_3)","decl":{"start":{"line":29,"column":2},"end":{"line":29,"column":3}},"loc":{"start":{"line":29,"column":28},"end":{"line":33,"column":3}},"line":29},"4":{"name":"(anonymous_4)","decl":{"start":{"line":35,"column":2},"end":{"line":35,"column":3}},"loc":{"start":{"line":35,"column":11},"end":{"line":48,"column":3}},"line":35}},"branchMap":{"0":{"loc":{"start":{"line":16,"column":4},"end":{"line":22,"column":5}},"type":"if","locations":[{"start":{"line":16,"column":4},"end":{"line":22,"column":5}},{"start":{"line":16,"column":4},"end":{"line":22,"column":5}}],"line":16},"1":{"loc":{"start":{"line":17,"column":6},"end":{"line":21,"column":7}},"type":"if","locations":[{"start":{"line":17,"column":6},"end":{"line":21,"column":7}},{"start":{"line":17,"column":6},"end":{"line":21,"column":7}}],"line":17},"2":{"loc":{"start":{"line":30,"column":4},"end":{"line":32,"column":5}},"type":"if","locations":[{"start":{"line":30,"column":4},"end":{"line":32,"column":5}},{"start":{"line":30,"column":4},"end":{"line":32,"column":5}}],"line":30},"3":{"loc":{"start":{"line":30,"column":8},"end":{"line":30,"column":66}},"type":"binary-expr","locations":[{"start":{"line":30,"column":8},"end":{"line":30,"column":23}},{"start":{"line":30,"column":27},"end":{"line":30,"column":66}}],"line":30},"4":{"loc":{"start":{"line":44,"column":11},"end":{"line":44,"column":36}},"type":"binary-expr","locations":[{"start":{"line":44,"column":11},"end":{"line":44,"column":24}},{"start":{"line":44,"column":28},"end":{"line":44,"column":36}}],"line":44}},"s":{"0":0,"1":0,"2":0,"3":0,"4":0,"5":0,"6":0,"7":0,"8":0,"9":0,"10":0,"11":0,"12":0,"13":2},"f":{"0":0,"1":0,"2":0,"3":0,"4":0},"b":{"0":[0,0],"1":[0,0],"2":[0,0],"3":[0,0],"4":[0,0]},"_coverageSchema":"332fd63041d2c1bcb487cc26dd0d5f7d97098a6c","hash":"e1701716ab80dccfc53aceb4f6e3a72191cff2a1"}
,"/Users/troy/Desktop/dojo/colorly/src/utils/Icon.js": {"path":"/Users/troy/Desktop/dojo/colorly/src/utils/Icon.js","statementMap":{"0":{"start":{"line":6,"column":16},"end":{"line":234,"column":5}},"1":{"start":{"line":8,"column":8},"end":{"line":42,"column":14}},"2":{"start":{"line":46,"column":8},"end":{"line":69,"column":14}},"3":{"start":{"line":73,"column":8},"end":{"line":91,"column":14}},"4":{"start":{"line":95,"column":8},"end":{"line":113,"column":14}},"5":{"start":{"line":117,"column":8},"end":{"line":128,"column":14}},"6":{"start":{"line":132,"column":8},"end":{"line":144,"column":14}},"7":{"start":{"line":148,"column":8},"end":{"line":160,"column":14}},"8":{"start":{"line":164,"column":8},"end":{"line":180,"column":14}},"9":{"start":{"line":184,"column":8},"end":{"line":232,"column":14}},"10":{"start":{"line":236,"column":4},"end":{"line":236,"column":34}},"11":{"start":{"line":240,"column":0},"end":{"line":242,"column":2}}},"fnMap":{"0":{"name":"(anonymous_0)","decl":{"start":{"line":5,"column":2},"end":{"line":5,"column":3}},"loc":{"start":{"line":5,"column":11},"end":{"line":237,"column":3}},"line":5},"1":{"name":"(anonymous_1)","decl":{"start":{"line":7,"column":12},"end":{"line":7,"column":13}},"loc":{"start":{"line":8,"column":8},"end":{"line":42,"column":14}},"line":8},"2":{"name":"(anonymous_2)","decl":{"start":{"line":45,"column":14},"end":{"line":45,"column":15}},"loc":{"start":{"line":46,"column":8},"end":{"line":69,"column":14}},"line":46},"3":{"name":"(anonymous_3)","decl":{"start":{"line":72,"column":15},"end":{"line":72,"column":16}},"loc":{"start":{"line":73,"column":8},"end":{"line":91,"column":14}},"line":73},"4":{"name":"(anonymous_4)","decl":{"start":{"line":94,"column":14},"end":{"line":94,"column":15}},"loc":{"start":{"line":95,"column":8},"end":{"line":113,"column":14}},"line":95},"5":{"name":"(anonymous_5)","decl":{"start":{"line":116,"column":12},"end":{"line":116,"column":13}},"loc":{"start":{"line":117,"column":8},"end":{"line":128,"column":14}},"line":117},"6":{"name":"(anonymous_6)","decl":{"start":{"line":131,"column":12},"end":{"line":131,"column":13}},"loc":{"start":{"line":132,"column":8},"end":{"line":144,"column":14}},"line":132},"7":{"name":"(anonymous_7)","decl":{"start":{"line":147,"column":11},"end":{"line":147,"column":12}},"loc":{"start":{"line":148,"column":8},"end":{"line":160,"column":14}},"line":148},"8":{"name":"(anonymous_8)","decl":{"start":{"line":163,"column":15},"end":{"line":163,"column":16}},"loc":{"start":{"line":164,"column":8},"end":{"line":180,"column":14}},"line":164},"9":{"name":"(anonymous_9)","decl":{"start":{"line":183,"column":16},"end":{"line":183,"column":17}},"loc":{"start":{"line":184,"column":8},"end":{"line":232,"column":14}},"line":184}},"branchMap":{},"s":{"0":0,"1":0,"2":0,"3":0,"4":0,"5":0,"6":0,"7":0,"8":0,"9":0,"10":0,"11":2},"f":{"0":0,"1":0,"2":0,"3":0,"4":0,"5":0,"6":0,"7":0,"8":0,"9":0},"b":{},"_coverageSchema":"332fd63041d2c1bcb487cc26dd0d5f7d97098a6c","hash":"353fb8c9a92ea494e7affb97f5740d3dfe04f88a"}
,"/Users/troy/Desktop/dojo/colorly/src/utils/LazyImage.js": {"path":"/Users/troy/Desktop/dojo/colorly/src/utils/LazyImage.js","statementMap":{"0":{"start":{"line":6,"column":4},"end":{"line":6,"column":17}},"1":{"start":{"line":7,"column":4},"end":{"line":9,"column":6}},"2":{"start":{"line":11,"column":4},"end":{"line":11,"column":49}},"3":{"start":{"line":15,"column":4},"end":{"line":15,"column":27}},"4":{"start":{"line":16,"column":4},"end":{"line":16,"column":38}},"5":{"start":{"line":17,"column":4},"end":{"line":17,"column":34}},"6":{"start":{"line":21,"column":4},"end":{"line":23,"column":7}},"7":{"start":{"line":28,"column":6},"end":{"line":30,"column":12}},"8":{"start":{"line":33,"column":4},"end":{"line":37,"column":6}},"9":{"start":{"line":41,"column":0},"end":{"line":43,"column":2}},"10":{"start":{"line":45,"column":0},"end":{"line":47,"column":2}}},"fnMap":{"0":{"name":"(anonymous_0)","decl":{"start":{"line":5,"column":2},"end":{"line":5,"column":3}},"loc":{"start":{"line":5,"column":21},"end":{"line":12,"column":3}},"line":5},"1":{"name":"(anonymous_1)","decl":{"start":{"line":14,"column":2},"end":{"line":14,"column":3}},"loc":{"start":{"line":14,"column":22},"end":{"line":18,"column":3}},"line":14},"2":{"name":"(anonymous_2)","decl":{"start":{"line":20,"column":2},"end":{"line":20,"column":3}},"loc":{"start":{"line":20,"column":15},"end":{"line":24,"column":3}},"line":20},"3":{"name":"(anonymous_3)","decl":{"start":{"line":26,"column":2},"end":{"line":26,"column":3}},"loc":{"start":{"line":26,"column":11},"end":{"line":38,"column":3}},"line":26}},"branchMap":{"0":{"loc":{"start":{"line":33,"column":11},"end":{"line":37,"column":5}},"type":"cond-expr","locations":[{"start":{"line":34,"column":6},"end":{"line":34,"column":59}},{"start":{"line":36,"column":6},"end":{"line":36,"column":15}}],"line":33}},"s":{"0":0,"1":0,"2":0,"3":0,"4":0,"5":0,"6":0,"7":0,"8":0,"9":1,"10":1},"f":{"0":0,"1":0,"2":0,"3":0},"b":{"0":[0,0]},"_coverageSchema":"332fd63041d2c1bcb487cc26dd0d5f7d97098a6c","hash":"a826cb2174a04281f0fd39fbb2a77f171d8ab737"}
,"/Users/troy/Desktop/dojo/colorly/src/utils/base.js": {"path":"/Users/troy/Desktop/dojo/colorly/src/utils/base.js","statementMap":{"0":{"start":{"line":5,"column":12},"end":{"line":12,"column":2}},"1":{"start":{"line":14,"column":11},"end":{"line":14,"column":33}},"2":{"start":{"line":16,"column":23},"end":{"line":16,"column":41}},"3":{"start":{"line":17,"column":22},"end":{"line":17,"column":44}},"4":{"start":{"line":18,"column":20},"end":{"line":18,"column":35}},"5":{"start":{"line":19,"column":26},"end":{"line":19,"column":64}},"6":{"start":{"line":20,"column":28},"end":{"line":20,"column":68}},"7":{"start":{"line":21,"column":24},"end":{"line":21,"column":43}}},"fnMap":{},"branchMap":{},"s":{"0":1,"1":1,"2":1,"3":1,"4":1,"5":1,"6":1,"7":1},"f":{},"b":{},"_coverageSchema":"332fd63041d2c1bcb487cc26dd0d5f7d97098a6c","hash":"055bafc4308e63dfd0af03c5cfb3336d1c1c0f1b"}
,"/Users/troy/Desktop/dojo/colorly/src/utils/helpers.js": {"path":"/Users/troy/Desktop/dojo/colorly/src/utils/helpers.js","statementMap":{"0":{"start":{"line":2,"column":22},"end":{"line":5,"column":34}},"1":{"start":{"line":5,"column":16},"end":{"line":5,"column":33}},"2":{"start":{"line":7,"column":20},"end":{"line":12,"column":13}},"3":{"start":{"line":9,"column":18},"end":{"line":9,"column":32}},"4":{"start":{"line":10,"column":6},"end":{"line":10,"column":48}},"5":{"start":{"line":14,"column":2},"end":{"line":14,"column":39}},"6":{"start":{"line":18,"column":16},"end":{"line":20,"column":3}},"7":{"start":{"line":21,"column":2},"end":{"line":23,"column":9}}},"fnMap":{"0":{"name":"rgbToHex","decl":{"start":{"line":1,"column":16},"end":{"line":1,"column":24}},"loc":{"start":{"line":1,"column":30},"end":{"line":15,"column":1}},"line":1},"1":{"name":"(anonymous_1)","decl":{"start":{"line":5,"column":9},"end":{"line":5,"column":10}},"loc":{"start":{"line":5,"column":16},"end":{"line":5,"column":33}},"line":5},"2":{"name":"(anonymous_2)","decl":{"start":{"line":8,"column":9},"end":{"line":8,"column":10}},"loc":{"start":{"line":8,"column":14},"end":{"line":11,"column":5}},"line":8},"3":{"name":"parseRgb","decl":{"start":{"line":17,"column":16},"end":{"line":17,"column":24}},"loc":{"start":{"line":17,"column":30},"end":{"line":24,"column":1}},"line":17}},"branchMap":{"0":{"loc":{"start":{"line":10,"column":13},"end":{"line":10,"column":47}},"type":"cond-expr","locations":[{"start":{"line":10,"column":32},"end":{"line":10,"column":41}},{"start":{"line":10,"column":44},"end":{"line":10,"column":47}}],"line":10},"1":{"loc":{"start":{"line":21,"column":9},"end":{"line":23,"column":8}},"type":"cond-expr","locations":[{"start":{"line":22,"column":6},"end":{"line":22,"column":60}},{"start":{"line":23,"column":6},"end":{"line":23,"column":8}}],"line":21}},"s":{"0":0,"1":0,"2":0,"3":0,"4":0,"5":0,"6":0,"7":0},"f":{"0":0,"1":0,"2":0,"3":0},"b":{"0":[0,0],"1":[0,0]},"_coverageSchema":"332fd63041d2c1bcb487cc26dd0d5f7d97098a6c","hash":"ae9f023155a8e8db1a9f61381c1305e32eeee039"}
}
